  scheduling.cpp
C:\kors\scheduling\Genetic\code\src\scheduling.cpp(55): warning C4018: '<': signed/unsigned mismatch
C:\kors\scheduling\Genetic\code\src\scheduling.cpp(64): warning C4018: '<': signed/unsigned mismatch
C:\kors\scheduling\Genetic\code\src\scheduling.cpp(72): warning C4018: '<': signed/unsigned mismatch
C:\kors\scheduling\Genetic\code\src\scheduling.cpp(79): warning C4018: '<': signed/unsigned mismatch
C:\kors\scheduling\Genetic\code\src\scheduling.cpp(92): warning C4244: 'initializing': conversion from 'double' to 'int', possible loss of data
C:\kors\scheduling\Genetic\code\src\scheduling.cpp(104): warning C4244: '=': conversion from 'double' to 'int', possible loss of data
C:\kors\scheduling\Genetic\code\src\scheduling.cpp(116): warning C4244: 'initializing': conversion from 'double' to 'int', possible loss of data
C:\kors\scheduling\Genetic\code\src\scheduling.cpp(132): warning C4244: '=': conversion from 'double' to 'int', possible loss of data
C:\kors\scheduling\Genetic\code\src\scheduling.cpp(151): warning C4018: '<': signed/unsigned mismatch
C:\kors\scheduling\Genetic\code\src\scheduling.cpp(163): warning C4018: '<': signed/unsigned mismatch
C:\kors\scheduling\Genetic\code\src\scheduling.cpp(167): warning C4018: '<': signed/unsigned mismatch
C:\kors\scheduling\Genetic\code\src\scheduling.cpp(190): warning C4018: '<': signed/unsigned mismatch
C:\kors\scheduling\Genetic\code\src\scheduling.cpp(253): warning C4018: '<': signed/unsigned mismatch
C:\kors\scheduling\Genetic\code\src\scheduling.cpp(263): warning C4244: 'initializing': conversion from 'int' to 'float', possible loss of data
C:\kors\scheduling\Genetic\code\src\scheduling.cpp(265): warning C4018: '<': signed/unsigned mismatch
C:\kors\scheduling\Genetic\code\src\scheduling.cpp(276): warning C4018: '<': signed/unsigned mismatch
C:\kors\scheduling\Genetic\code\src\scheduling.cpp(292): warning C4018: '<': signed/unsigned mismatch
C:\kors\scheduling\Genetic\code\src\scheduling.cpp(376): warning C4018: '<': signed/unsigned mismatch
C:\kors\scheduling\Genetic\code\src\scheduling.cpp(418): warning C4018: '<': signed/unsigned mismatch
C:\kors\scheduling\Genetic\code\src\scheduling.cpp(455): warning C4101: 'm2': unreferenced local variable
C:\kors\scheduling\Genetic\code\src\scheduling.cpp(455): warning C4101: 'm1': unreferenced local variable
C:\kors\scheduling\Genetic\code\src\scheduling.cpp(522): warning C4244: 'argument': conversion from 'double' to 'float', possible loss of data
C:\kors\scheduling\Genetic\code\src\scheduling.cpp(528): warning C4244: 'argument': conversion from 'double' to 'float', possible loss of data
C:\kors\scheduling\Genetic\code\src\scheduling.cpp(549): warning C4244: 'argument': conversion from 'double' to 'float', possible loss of data
C:\kors\scheduling\Genetic\code\src\scheduling.cpp(554): warning C4244: 'argument': conversion from 'double' to 'float', possible loss of data
C:\kors\scheduling\Genetic\code\src\scheduling.cpp(561): warning C4244: 'argument': conversion from 'double' to 'float', possible loss of data
C:\kors\scheduling\Genetic\code\src\scheduling.cpp(567): warning C4244: 'argument': conversion from 'double' to 'float', possible loss of data
C:\kors\scheduling\Genetic\code\src\scheduling.cpp(585): warning C4244: 'argument': conversion from 'double' to 'float', possible loss of data
C:\kors\scheduling\Genetic\code\src\scheduling.cpp(594): warning C4018: '<': signed/unsigned mismatch
C:\kors\scheduling\Genetic\code\src\scheduling.cpp(595): warning C4244: 'argument': conversion from 'double' to 'float', possible loss of data
C:\kors\scheduling\Genetic\code\src\scheduling.cpp(595): warning C4244: '+=': conversion from 'float' to 'int', possible loss of data
C:\kors\scheduling\Genetic\code\src\scheduling.cpp(602): warning C4018: '<': signed/unsigned mismatch
C:\kors\scheduling\Genetic\code\src\scheduling.cpp(603): warning C4244: 'argument': conversion from 'double' to 'float', possible loss of data
C:\kors\scheduling\Genetic\code\src\scheduling.cpp(603): warning C4244: '+=': conversion from 'float' to 'int', possible loss of data
C:\kors\scheduling\Genetic\code\src\scheduling.cpp(617): warning C4018: '<': signed/unsigned mismatch
C:\kors\scheduling\Genetic\code\src\scheduling.cpp(626): warning C4018: '<': signed/unsigned mismatch
C:\kors\scheduling\Genetic\code\src\scheduling.cpp(631): warning C4018: '<': signed/unsigned mismatch
C:\kors\scheduling\Genetic\code\src\scheduling.cpp(632): warning C4244: 'argument': conversion from '_Ty' to 'float', possible loss of data
          with
          [
              _Ty=double
          ]
C:\kors\scheduling\Genetic\code\src\scheduling.cpp(637): warning C4244: 'argument': conversion from 'double' to 'float', possible loss of data
C:\kors\scheduling\Genetic\code\src\scheduling.cpp(639): warning C4244: 'argument': conversion from 'double' to 'float', possible loss of data
C:\kors\scheduling\Genetic\code\src\scheduling.cpp(640): warning C4244: 'argument': conversion from 'double' to 'float', possible loss of data
C:\kors\scheduling\Genetic\code\src\scheduling.cpp(655): warning C4244: 'argument': conversion from 'double' to 'float', possible loss of data
C:\kors\scheduling\Genetic\code\src\scheduling.cpp(661): warning C4244: 'argument': conversion from 'double' to 'float', possible loss of data
C:\kors\scheduling\Genetic\code\src\scheduling.cpp(668): warning C4244: 'argument': conversion from 'double' to 'float', possible loss of data
C:\kors\scheduling\Genetic\code\src\scheduling.cpp(676): warning C4018: '<': signed/unsigned mismatch
C:\kors\scheduling\Genetic\code\src\scheduling.cpp(680): warning C4244: 'argument': conversion from 'double' to 'float', possible loss of data
C:\kors\scheduling\Genetic\code\src\scheduling.cpp(693): warning C4018: '<': signed/unsigned mismatch
C:\kors\scheduling\Genetic\code\src\scheduling.cpp(699): warning C4018: '<': signed/unsigned mismatch
C:\kors\scheduling\Genetic\code\src\scheduling.cpp(704): warning C4018: '<': signed/unsigned mismatch
C:\kors\scheduling\Genetic\code\src\scheduling.cpp(705): warning C4244: 'argument': conversion from '_Ty' to 'float', possible loss of data
          with
          [
              _Ty=double
          ]
C:\kors\scheduling\Genetic\code\src\scheduling.cpp(505): warning C4101: 'j': unreferenced local variable
C:\kors\scheduling\Genetic\code\src\scheduling.cpp(721): warning C4018: '<': signed/unsigned mismatch
C:\kors\scheduling\Genetic\code\src\scheduling.cpp(730): warning C4018: '<': signed/unsigned mismatch
C:\kors\scheduling\Genetic\code\src\scheduling.cpp(735): warning C4018: '<': signed/unsigned mismatch
C:\kors\scheduling\Genetic\code\src\scheduling.cpp(742): warning C4101: 'factor': unreferenced local variable
C:\kors\scheduling\Genetic\code\src\scheduling.cpp(740): warning C4101: 'tmp': unreferenced local variable
C:\kors\scheduling\Genetic\code\src\scheduling.cpp(720): warning C4101: 't': unreferenced local variable
C:\kors\scheduling\Genetic\code\src\scheduling.cpp(800): warning C4018: '<': signed/unsigned mismatch
C:\kors\scheduling\Genetic\code\src\scheduling.cpp(802): warning C4018: '<': signed/unsigned mismatch
C:\kors\scheduling\Genetic\code\src\scheduling.cpp(805): warning C4018: '<': signed/unsigned mismatch
C:\kors\scheduling\Genetic\code\src\scheduling.cpp(865): warning C4018: '<': signed/unsigned mismatch
C:\kors\scheduling\Genetic\code\src\scheduling.cpp(790): warning C4101: 'rtmp': unreferenced local variable
C:\kors\scheduling\Genetic\code\src\scheduling.cpp(882): warning C4018: '<': signed/unsigned mismatch
C:\kors\scheduling\Genetic\code\src\scheduling.cpp(922): warning C4018: '<': signed/unsigned mismatch
C:\kors\scheduling\Genetic\code\src\scheduling.cpp(952): warning C4018: '<': signed/unsigned mismatch
C:\kors\scheduling\Genetic\code\src\scheduling.cpp(977): warning C4244: '=': conversion from 'double' to 'int', possible loss of data
C:\kors\scheduling\Genetic\code\src\scheduling.cpp(998): warning C4244: '=': conversion from 'double' to 'int', possible loss of data
C:\kors\scheduling\Genetic\code\src\scheduling.cpp(1008): warning C4018: '>=': signed/unsigned mismatch
C:\kors\scheduling\Genetic\code\src\scheduling.cpp(1016): warning C4018: '<': signed/unsigned mismatch
C:\kors\scheduling\Genetic\code\src\scheduling.cpp(1022): warning C4244: '=': conversion from 'double' to 'int', possible loss of data
C:\kors\scheduling\Genetic\code\src\scheduling.cpp(1044): warning C4018: '>=': signed/unsigned mismatch
C:\kors\scheduling\Genetic\code\src\scheduling.cpp(1066): warning C4018: '<': signed/unsigned mismatch
C:\kors\scheduling\Genetic\code\src\scheduling.cpp(1095): warning C4018: '<': signed/unsigned mismatch
C:\kors\scheduling\Genetic\code\src\scheduling.cpp(1097): warning C4018: '<': signed/unsigned mismatch
c:\kors\scheduling\genetic\code\src\scheduling.cpp(503): warning C4715: 'PeakRandomIndex': not all control paths return a value
c:\kors\scheduling\genetic\code\src\scheduling.cpp(716): warning C4715: 'TargetFunction': not all control paths return a value
  Ek_Genetic.vcxproj -> C:\kors\scheduling\Genetic\build\bin\Release\Ek_Genetic.exe
