  scheduling.cpp
C:\kors\scheduling\Genetic\code\src\scheduling.cpp(55): warning C4018: '<': signed/unsigned mismatch
C:\kors\scheduling\Genetic\code\src\scheduling.cpp(64): warning C4018: '<': signed/unsigned mismatch
C:\kors\scheduling\Genetic\code\src\scheduling.cpp(72): warning C4018: '<': signed/unsigned mismatch
C:\kors\scheduling\Genetic\code\src\scheduling.cpp(79): warning C4018: '<': signed/unsigned mismatch
C:\kors\scheduling\Genetic\code\src\scheduling.cpp(92): warning C4244: 'initializing': conversion from 'double' to 'int', possible loss of data
C:\kors\scheduling\Genetic\code\src\scheduling.cpp(104): warning C4244: '=': conversion from 'double' to 'int', possible loss of data
C:\kors\scheduling\Genetic\code\src\scheduling.cpp(116): warning C4244: 'initializing': conversion from 'double' to 'int', possible loss of data
C:\kors\scheduling\Genetic\code\src\scheduling.cpp(132): warning C4244: '=': conversion from 'double' to 'int', possible loss of data
C:\kors\scheduling\Genetic\code\src\scheduling.cpp(151): warning C4018: '<': signed/unsigned mismatch
C:\kors\scheduling\Genetic\code\src\scheduling.cpp(163): warning C4018: '<': signed/unsigned mismatch
C:\kors\scheduling\Genetic\code\src\scheduling.cpp(167): warning C4018: '<': signed/unsigned mismatch
C:\kors\scheduling\Genetic\code\src\scheduling.cpp(190): warning C4018: '<': signed/unsigned mismatch
C:\kors\scheduling\Genetic\code\src\scheduling.cpp(253): warning C4018: '<': signed/unsigned mismatch
C:\kors\scheduling\Genetic\code\src\scheduling.cpp(263): warning C4244: 'initializing': conversion from 'int' to 'float', possible loss of data
C:\kors\scheduling\Genetic\code\src\scheduling.cpp(265): warning C4018: '<': signed/unsigned mismatch
C:\kors\scheduling\Genetic\code\src\scheduling.cpp(276): warning C4018: '<': signed/unsigned mismatch
C:\kors\scheduling\Genetic\code\src\scheduling.cpp(292): warning C4018: '<': signed/unsigned mismatch
C:\kors\scheduling\Genetic\code\src\scheduling.cpp(376): warning C4018: '<': signed/unsigned mismatch
C:\kors\scheduling\Genetic\code\src\scheduling.cpp(418): warning C4018: '<': signed/unsigned mismatch
C:\kors\scheduling\Genetic\code\src\scheduling.cpp(455): warning C4101: 'm2': unreferenced local variable
C:\kors\scheduling\Genetic\code\src\scheduling.cpp(455): warning C4101: 'm1': unreferenced local variable
C:\kors\scheduling\Genetic\code\src\scheduling.cpp(522): warning C4244: 'argument': conversion from 'double' to 'float', possible loss of data
C:\kors\scheduling\Genetic\code\src\scheduling.cpp(528): warning C4244: 'argument': conversion from 'double' to 'float', possible loss of data
C:\kors\scheduling\Genetic\code\src\scheduling.cpp(549): warning C4244: 'argument': conversion from 'double' to 'float', possible loss of data
C:\kors\scheduling\Genetic\code\src\scheduling.cpp(554): warning C4244: 'argument': conversion from 'double' to 'float', possible loss of data
C:\kors\scheduling\Genetic\code\src\scheduling.cpp(561): warning C4244: 'argument': conversion from 'double' to 'float', possible loss of data
C:\kors\scheduling\Genetic\code\src\scheduling.cpp(567): warning C4244: 'argument': conversion from 'double' to 'float', possible loss of data
C:\kors\scheduling\Genetic\code\src\scheduling.cpp(585): warning C4244: 'argument': conversion from 'double' to 'float', possible loss of data
C:\kors\scheduling\Genetic\code\src\scheduling.cpp(594): warning C4018: '<': signed/unsigned mismatch
C:\kors\scheduling\Genetic\code\src\scheduling.cpp(595): warning C4244: 'argument': conversion from 'double' to 'float', possible loss of data
C:\kors\scheduling\Genetic\code\src\scheduling.cpp(595): warning C4244: '+=': conversion from 'float' to 'int', possible loss of data
C:\kors\scheduling\Genetic\code\src\scheduling.cpp(602): warning C4018: '<': signed/unsigned mismatch
C:\kors\scheduling\Genetic\code\src\scheduling.cpp(603): warning C4244: 'argument': conversion from 'double' to 'float', possible loss of data
C:\kors\scheduling\Genetic\code\src\scheduling.cpp(603): warning C4244: '+=': conversion from 'float' to 'int', possible loss of data
C:\kors\scheduling\Genetic\code\src\scheduling.cpp(616): warning C4018: '<': signed/unsigned mismatch
C:\kors\scheduling\Genetic\code\src\scheduling.cpp(625): warning C4018: '<': signed/unsigned mismatch
C:\kors\scheduling\Genetic\code\src\scheduling.cpp(630): warning C4018: '<': signed/unsigned mismatch
C:\kors\scheduling\Genetic\code\src\scheduling.cpp(631): warning C4244: 'argument': conversion from '_Ty' to 'float', possible loss of data
          with
          [
              _Ty=double
          ]
C:\kors\scheduling\Genetic\code\src\scheduling.cpp(636): warning C4244: 'argument': conversion from 'double' to 'float', possible loss of data
C:\kors\scheduling\Genetic\code\src\scheduling.cpp(638): warning C4244: 'argument': conversion from 'double' to 'float', possible loss of data
C:\kors\scheduling\Genetic\code\src\scheduling.cpp(639): warning C4244: 'argument': conversion from 'double' to 'float', possible loss of data
C:\kors\scheduling\Genetic\code\src\scheduling.cpp(652): warning C4244: 'argument': conversion from 'double' to 'float', possible loss of data
C:\kors\scheduling\Genetic\code\src\scheduling.cpp(662): warning C4018: '<': signed/unsigned mismatch
C:\kors\scheduling\Genetic\code\src\scheduling.cpp(666): warning C4244: 'argument': conversion from 'double' to 'float', possible loss of data
C:\kors\scheduling\Genetic\code\src\scheduling.cpp(678): warning C4018: '<': signed/unsigned mismatch
C:\kors\scheduling\Genetic\code\src\scheduling.cpp(684): warning C4018: '<': signed/unsigned mismatch
C:\kors\scheduling\Genetic\code\src\scheduling.cpp(689): warning C4018: '<': signed/unsigned mismatch
C:\kors\scheduling\Genetic\code\src\scheduling.cpp(690): warning C4244: 'argument': conversion from '_Ty' to 'float', possible loss of data
          with
          [
              _Ty=double
          ]
C:\kors\scheduling\Genetic\code\src\scheduling.cpp(505): warning C4101: 'j': unreferenced local variable
C:\kors\scheduling\Genetic\code\src\scheduling.cpp(705): warning C4018: '<': signed/unsigned mismatch
C:\kors\scheduling\Genetic\code\src\scheduling.cpp(714): warning C4018: '<': signed/unsigned mismatch
C:\kors\scheduling\Genetic\code\src\scheduling.cpp(719): warning C4018: '<': signed/unsigned mismatch
C:\kors\scheduling\Genetic\code\src\scheduling.cpp(726): warning C4101: 'factor': unreferenced local variable
C:\kors\scheduling\Genetic\code\src\scheduling.cpp(724): warning C4101: 'tmp': unreferenced local variable
C:\kors\scheduling\Genetic\code\src\scheduling.cpp(704): warning C4101: 't': unreferenced local variable
C:\kors\scheduling\Genetic\code\src\scheduling.cpp(778): warning C4018: '<': signed/unsigned mismatch
C:\kors\scheduling\Genetic\code\src\scheduling.cpp(780): warning C4018: '<': signed/unsigned mismatch
C:\kors\scheduling\Genetic\code\src\scheduling.cpp(783): warning C4018: '<': signed/unsigned mismatch
C:\kors\scheduling\Genetic\code\src\scheduling.cpp(827): warning C4018: '<': signed/unsigned mismatch
C:\kors\scheduling\Genetic\code\src\scheduling.cpp(768): warning C4101: 'rtmp': unreferenced local variable
C:\kors\scheduling\Genetic\code\src\scheduling.cpp(844): warning C4018: '<': signed/unsigned mismatch
C:\kors\scheduling\Genetic\code\src\scheduling.cpp(884): warning C4018: '<': signed/unsigned mismatch
C:\kors\scheduling\Genetic\code\src\scheduling.cpp(914): warning C4018: '<': signed/unsigned mismatch
C:\kors\scheduling\Genetic\code\src\scheduling.cpp(939): warning C4244: '=': conversion from 'double' to 'int', possible loss of data
C:\kors\scheduling\Genetic\code\src\scheduling.cpp(960): warning C4244: '=': conversion from 'double' to 'int', possible loss of data
C:\kors\scheduling\Genetic\code\src\scheduling.cpp(970): warning C4018: '>=': signed/unsigned mismatch
C:\kors\scheduling\Genetic\code\src\scheduling.cpp(978): warning C4018: '<': signed/unsigned mismatch
C:\kors\scheduling\Genetic\code\src\scheduling.cpp(984): warning C4244: '=': conversion from 'double' to 'int', possible loss of data
C:\kors\scheduling\Genetic\code\src\scheduling.cpp(1006): warning C4018: '>=': signed/unsigned mismatch
C:\kors\scheduling\Genetic\code\src\scheduling.cpp(1028): warning C4018: '<': signed/unsigned mismatch
C:\kors\scheduling\Genetic\code\src\scheduling.cpp(1057): warning C4018: '<': signed/unsigned mismatch
C:\kors\scheduling\Genetic\code\src\scheduling.cpp(1059): warning C4018: '<': signed/unsigned mismatch
c:\kors\scheduling\genetic\code\src\scheduling.cpp(503): warning C4715: 'PeakRandomIndex': not all control paths return a value
c:\kors\scheduling\genetic\code\src\scheduling.cpp(700): warning C4715: 'TargetFunction': not all control paths return a value
  Ek_Genetic.vcxproj -> C:\kors\scheduling\Genetic\build\bin\Debug\Ek_Genetic.exe
