  scheduling.cpp
C:\kors\scheduling\BandB\code\src\scheduling.cpp(52): warning C4018: '<': signed/unsigned mismatch
C:\kors\scheduling\BandB\code\src\scheduling.cpp(62): warning C4244: 'initializing': conversion from 'int' to 'float', possible loss of data
C:\kors\scheduling\BandB\code\src\scheduling.cpp(64): warning C4018: '<': signed/unsigned mismatch
C:\kors\scheduling\BandB\code\src\scheduling.cpp(75): warning C4018: '<': signed/unsigned mismatch
C:\kors\scheduling\BandB\code\src\scheduling.cpp(91): warning C4018: '<': signed/unsigned mismatch
C:\kors\scheduling\BandB\code\src\scheduling.cpp(110): warning C4018: '<': signed/unsigned mismatch
C:\kors\scheduling\BandB\code\src\scheduling.cpp(115): warning C4018: '<': signed/unsigned mismatch
C:\kors\scheduling\BandB\code\src\scheduling.cpp(123): warning C4018: '<': signed/unsigned mismatch
C:\kors\scheduling\BandB\code\src\scheduling.cpp(127): warning C4018: '<': signed/unsigned mismatch
C:\kors\scheduling\BandB\code\src\scheduling.cpp(148): warning C4018: '<': signed/unsigned mismatch
C:\kors\scheduling\BandB\code\src\scheduling.cpp(157): warning C4018: '<': signed/unsigned mismatch
C:\kors\scheduling\BandB\code\src\scheduling.cpp(160): warning C4018: '<': signed/unsigned mismatch
C:\kors\scheduling\BandB\code\src\scheduling.cpp(163): warning C4018: '<': signed/unsigned mismatch
C:\kors\scheduling\BandB\code\src\scheduling.cpp(167): warning C4018: '<': signed/unsigned mismatch
C:\kors\scheduling\BandB\code\src\scheduling.cpp(184): warning C4018: '<': signed/unsigned mismatch
C:\kors\scheduling\BandB\code\src\scheduling.cpp(189): warning C4244: '=': conversion from 'double' to 'int', possible loss of data
C:\kors\scheduling\BandB\code\src\scheduling.cpp(206): warning C4018: '<': signed/unsigned mismatch
C:\kors\scheduling\BandB\code\src\scheduling.cpp(210): warning C4018: '<': signed/unsigned mismatch
C:\kors\scheduling\BandB\code\src\scheduling.cpp(214): warning C4018: '<': signed/unsigned mismatch
C:\kors\scheduling\BandB\code\src\scheduling.cpp(222): warning C4018: '<': signed/unsigned mismatch
C:\kors\scheduling\BandB\code\src\scheduling.cpp(246): warning C4018: '<': signed/unsigned mismatch
C:\kors\scheduling\BandB\code\src\scheduling.cpp(276): warning C4018: '<': signed/unsigned mismatch
C:\kors\scheduling\BandB\code\src\scheduling.cpp(278): warning C4018: '<': signed/unsigned mismatch
C:\kors\scheduling\BandB\code\src\scheduling.cpp(288): warning C4018: '<': signed/unsigned mismatch
C:\kors\scheduling\BandB\code\src\scheduling.cpp(294): warning C4244: '=': conversion from 'double' to 'int', possible loss of data
C:\kors\scheduling\BandB\code\src\scheduling.cpp(296): warning C4018: '<': signed/unsigned mismatch
C:\kors\scheduling\BandB\code\src\scheduling.cpp(307): warning C4018: '<': signed/unsigned mismatch
C:\kors\scheduling\BandB\code\src\scheduling.cpp(310): warning C4018: '<': signed/unsigned mismatch
C:\kors\scheduling\BandB\code\src\scheduling.cpp(315): warning C4244: '=': conversion from 'double' to 'int', possible loss of data
C:\kors\scheduling\BandB\code\src\scheduling.cpp(321): warning C4018: '<': signed/unsigned mismatch
C:\kors\scheduling\BandB\code\src\scheduling.cpp(363): warning C4244: 'initializing': conversion from 'double' to 'int', possible loss of data
C:\kors\scheduling\BandB\code\src\scheduling.cpp(395): warning C4018: '<': signed/unsigned mismatch
C:\kors\scheduling\BandB\code\src\scheduling.cpp(426): warning C4018: '<': signed/unsigned mismatch
C:\kors\scheduling\BandB\code\src\scheduling.cpp(440): warning C4018: '<': signed/unsigned mismatch
C:\kors\scheduling\BandB\code\src\scheduling.cpp(451): warning C4244: 'initializing': conversion from 'double' to 'int', possible loss of data
C:\kors\scheduling\BandB\code\src\scheduling.cpp(460): warning C4018: '<': signed/unsigned mismatch
C:\kors\scheduling\BandB\code\src\scheduling.cpp(504): warning C4018: '<': signed/unsigned mismatch
  Ek_B_and_B.vcxproj -> C:\kors\scheduling\BandB\build\bin\Release\Ek_B_and_B.exe
