  scheduling.cpp
C:\kors\scheduling\Viewer\src\scheduling.cpp(54): warning C4018: '<': signed/unsigned mismatch
C:\kors\scheduling\Viewer\src\scheduling.cpp(63): warning C4018: '<': signed/unsigned mismatch
C:\kors\scheduling\Viewer\src\scheduling.cpp(71): warning C4018: '<': signed/unsigned mismatch
C:\kors\scheduling\Viewer\src\scheduling.cpp(76): warning C4018: '<': signed/unsigned mismatch
C:\kors\scheduling\Viewer\src\scheduling.cpp(87): warning C4244: 'initializing': conversion from 'double' to 'int', possible loss of data
C:\kors\scheduling\Viewer\src\scheduling.cpp(97): warning C4244: '=': conversion from 'double' to 'int', possible loss of data
C:\kors\scheduling\Viewer\src\scheduling.cpp(109): warning C4244: 'initializing': conversion from 'double' to 'int', possible loss of data
C:\kors\scheduling\Viewer\src\scheduling.cpp(125): warning C4244: '=': conversion from 'double' to 'int', possible loss of data
C:\kors\scheduling\Viewer\src\scheduling.cpp(163): warning C4018: '<': signed/unsigned mismatch
C:\kors\scheduling\Viewer\src\scheduling.cpp(175): warning C4018: '<': signed/unsigned mismatch
C:\kors\scheduling\Viewer\src\scheduling.cpp(179): warning C4018: '<': signed/unsigned mismatch
C:\kors\scheduling\Viewer\src\scheduling.cpp(202): warning C4018: '<': signed/unsigned mismatch
C:\kors\scheduling\Viewer\src\scheduling.cpp(264): warning C4018: '<': signed/unsigned mismatch
C:\kors\scheduling\Viewer\src\scheduling.cpp(270): warning C4018: '<': signed/unsigned mismatch
C:\kors\scheduling\Viewer\src\scheduling.cpp(274): warning C4018: '<': signed/unsigned mismatch
C:\kors\scheduling\Viewer\src\scheduling.cpp(284): warning C4018: '<': signed/unsigned mismatch
C:\kors\scheduling\Viewer\src\scheduling.cpp(304): warning C4018: '<': signed/unsigned mismatch
C:\kors\scheduling\Viewer\src\scheduling.cpp(332): warning C4018: '<': signed/unsigned mismatch
C:\kors\scheduling\Viewer\src\scheduling.cpp(333): warning C4018: '<': signed/unsigned mismatch
C:\kors\scheduling\Viewer\src\scheduling.cpp(338): warning C4018: '<': signed/unsigned mismatch
C:\kors\scheduling\Viewer\src\scheduling.cpp(339): warning C4018: '<': signed/unsigned mismatch
C:\kors\scheduling\Viewer\src\scheduling.cpp(355): warning C4018: '<': signed/unsigned mismatch
C:\kors\scheduling\Viewer\src\scheduling.cpp(356): warning C4018: '<': signed/unsigned mismatch
C:\kors\scheduling\Viewer\src\scheduling.cpp(378): warning C4018: '<': signed/unsigned mismatch
C:\kors\scheduling\Viewer\src\scheduling.cpp(379): warning C4018: '<': signed/unsigned mismatch
C:\kors\scheduling\Viewer\src\scheduling.cpp(408): warning C4244: '=': conversion from 'double' to 'int', possible loss of data
C:\kors\scheduling\Viewer\src\scheduling.cpp(427): warning C4244: '=': conversion from 'double' to 'int', possible loss of data
C:\kors\scheduling\Viewer\src\scheduling.cpp(437): warning C4018: '>=': signed/unsigned mismatch
C:\kors\scheduling\Viewer\src\scheduling.cpp(445): warning C4018: '<': signed/unsigned mismatch
C:\kors\scheduling\Viewer\src\scheduling.cpp(451): warning C4244: '=': conversion from 'double' to 'int', possible loss of data
C:\kors\scheduling\Viewer\src\scheduling.cpp(472): warning C4018: '>=': signed/unsigned mismatch
C:\kors\scheduling\Viewer\src\scheduling.cpp(494): warning C4018: '<': signed/unsigned mismatch
  EkSch.vcxproj -> C:\kors\scheduling\build\bin\Debug\EkSch.exe
