  scheduling.cpp
C:\kors\scheduling\Viewer\src\scheduling.cpp(54): warning C4018: '<': signed/unsigned mismatch
C:\kors\scheduling\Viewer\src\scheduling.cpp(63): warning C4018: '<': signed/unsigned mismatch
C:\kors\scheduling\Viewer\src\scheduling.cpp(71): warning C4018: '<': signed/unsigned mismatch
C:\kors\scheduling\Viewer\src\scheduling.cpp(76): warning C4018: '<': signed/unsigned mismatch
C:\kors\scheduling\Viewer\src\scheduling.cpp(87): warning C4244: 'initializing': conversion from 'double' to 'int', possible loss of data
C:\kors\scheduling\Viewer\src\scheduling.cpp(99): warning C4244: '=': conversion from 'double' to 'int', possible loss of data
C:\kors\scheduling\Viewer\src\scheduling.cpp(111): warning C4244: 'initializing': conversion from 'double' to 'int', possible loss of data
C:\kors\scheduling\Viewer\src\scheduling.cpp(127): warning C4244: '=': conversion from 'double' to 'int', possible loss of data
C:\kors\scheduling\Viewer\src\scheduling.cpp(165): warning C4018: '<': signed/unsigned mismatch
C:\kors\scheduling\Viewer\src\scheduling.cpp(177): warning C4018: '<': signed/unsigned mismatch
C:\kors\scheduling\Viewer\src\scheduling.cpp(181): warning C4018: '<': signed/unsigned mismatch
C:\kors\scheduling\Viewer\src\scheduling.cpp(204): warning C4018: '<': signed/unsigned mismatch
C:\kors\scheduling\Viewer\src\scheduling.cpp(267): warning C4018: '<': signed/unsigned mismatch
C:\kors\scheduling\Viewer\src\scheduling.cpp(277): warning C4244: 'initializing': conversion from 'int' to 'float', possible loss of data
C:\kors\scheduling\Viewer\src\scheduling.cpp(279): warning C4018: '<': signed/unsigned mismatch
C:\kors\scheduling\Viewer\src\scheduling.cpp(290): warning C4018: '<': signed/unsigned mismatch
C:\kors\scheduling\Viewer\src\scheduling.cpp(306): warning C4018: '<': signed/unsigned mismatch
C:\kors\scheduling\Viewer\src\scheduling.cpp(326): warning C4018: '<': signed/unsigned mismatch
C:\kors\scheduling\Viewer\src\scheduling.cpp(354): warning C4018: '<': signed/unsigned mismatch
C:\kors\scheduling\Viewer\src\scheduling.cpp(355): warning C4018: '<': signed/unsigned mismatch
C:\kors\scheduling\Viewer\src\scheduling.cpp(360): warning C4018: '<': signed/unsigned mismatch
C:\kors\scheduling\Viewer\src\scheduling.cpp(361): warning C4018: '<': signed/unsigned mismatch
C:\kors\scheduling\Viewer\src\scheduling.cpp(378): warning C4018: '<': signed/unsigned mismatch
C:\kors\scheduling\Viewer\src\scheduling.cpp(379): warning C4018: '<': signed/unsigned mismatch
C:\kors\scheduling\Viewer\src\scheduling.cpp(395): warning C4018: '<': signed/unsigned mismatch
C:\kors\scheduling\Viewer\src\scheduling.cpp(396): warning C4018: '<': signed/unsigned mismatch
C:\kors\scheduling\Viewer\src\scheduling.cpp(424): warning C4018: '<': signed/unsigned mismatch
C:\kors\scheduling\Viewer\src\scheduling.cpp(425): warning C4018: '<': signed/unsigned mismatch
C:\kors\scheduling\Viewer\src\scheduling.cpp(491): warning C4244: '=': conversion from 'double' to 'int', possible loss of data
C:\kors\scheduling\Viewer\src\scheduling.cpp(512): warning C4244: '=': conversion from 'double' to 'int', possible loss of data
C:\kors\scheduling\Viewer\src\scheduling.cpp(522): warning C4018: '>=': signed/unsigned mismatch
C:\kors\scheduling\Viewer\src\scheduling.cpp(530): warning C4018: '<': signed/unsigned mismatch
C:\kors\scheduling\Viewer\src\scheduling.cpp(536): warning C4244: '=': conversion from 'double' to 'int', possible loss of data
C:\kors\scheduling\Viewer\src\scheduling.cpp(558): warning C4018: '>=': signed/unsigned mismatch
C:\kors\scheduling\Viewer\src\scheduling.cpp(580): warning C4018: '<': signed/unsigned mismatch
  EkSch.vcxproj -> C:\kors\scheduling\build\bin\Release\EkSch.exe
