  Node.cpp
  machin.cpp
  maxheap.cpp
  minheap.cpp
  scheduling.cpp
C:\kors\scheduling\LocalSearch\code\src\scheduling.cpp(54): warning C4018: '<': signed/unsigned mismatch
C:\kors\scheduling\LocalSearch\code\src\scheduling.cpp(63): warning C4018: '<': signed/unsigned mismatch
C:\kors\scheduling\LocalSearch\code\src\scheduling.cpp(71): warning C4018: '<': signed/unsigned mismatch
C:\kors\scheduling\LocalSearch\code\src\scheduling.cpp(76): warning C4018: '<': signed/unsigned mismatch
C:\kors\scheduling\LocalSearch\code\src\scheduling.cpp(87): warning C4244: 'initializing': conversion from 'double' to 'int', possible loss of data
C:\kors\scheduling\LocalSearch\code\src\scheduling.cpp(99): warning C4244: '=': conversion from 'double' to 'int', possible loss of data
C:\kors\scheduling\LocalSearch\code\src\scheduling.cpp(111): warning C4244: 'initializing': conversion from 'double' to 'int', possible loss of data
C:\kors\scheduling\LocalSearch\code\src\scheduling.cpp(127): warning C4244: '=': conversion from 'double' to 'int', possible loss of data
C:\kors\scheduling\LocalSearch\code\src\scheduling.cpp(165): warning C4018: '<': signed/unsigned mismatch
C:\kors\scheduling\LocalSearch\code\src\scheduling.cpp(177): warning C4018: '<': signed/unsigned mismatch
C:\kors\scheduling\LocalSearch\code\src\scheduling.cpp(181): warning C4018: '<': signed/unsigned mismatch
C:\kors\scheduling\LocalSearch\code\src\scheduling.cpp(204): warning C4018: '<': signed/unsigned mismatch
C:\kors\scheduling\LocalSearch\code\src\scheduling.cpp(267): warning C4018: '<': signed/unsigned mismatch
C:\kors\scheduling\LocalSearch\code\src\scheduling.cpp(277): warning C4244: 'initializing': conversion from 'int' to 'float', possible loss of data
C:\kors\scheduling\LocalSearch\code\src\scheduling.cpp(279): warning C4018: '<': signed/unsigned mismatch
C:\kors\scheduling\LocalSearch\code\src\scheduling.cpp(290): warning C4018: '<': signed/unsigned mismatch
C:\kors\scheduling\LocalSearch\code\src\scheduling.cpp(306): warning C4018: '<': signed/unsigned mismatch
C:\kors\scheduling\LocalSearch\code\src\scheduling.cpp(326): warning C4018: '<': signed/unsigned mismatch
C:\kors\scheduling\LocalSearch\code\src\scheduling.cpp(354): warning C4018: '<': signed/unsigned mismatch
C:\kors\scheduling\LocalSearch\code\src\scheduling.cpp(355): warning C4018: '<': signed/unsigned mismatch
C:\kors\scheduling\LocalSearch\code\src\scheduling.cpp(360): warning C4018: '<': signed/unsigned mismatch
C:\kors\scheduling\LocalSearch\code\src\scheduling.cpp(361): warning C4018: '<': signed/unsigned mismatch
C:\kors\scheduling\LocalSearch\code\src\scheduling.cpp(378): warning C4018: '<': signed/unsigned mismatch
C:\kors\scheduling\LocalSearch\code\src\scheduling.cpp(379): warning C4018: '<': signed/unsigned mismatch
C:\kors\scheduling\LocalSearch\code\src\scheduling.cpp(390): warning C4018: '<': signed/unsigned mismatch
C:\kors\scheduling\LocalSearch\code\src\scheduling.cpp(391): warning C4018: '<': signed/unsigned mismatch
C:\kors\scheduling\LocalSearch\code\src\scheduling.cpp(414): warning C4018: '<': signed/unsigned mismatch
C:\kors\scheduling\LocalSearch\code\src\scheduling.cpp(415): warning C4018: '<': signed/unsigned mismatch
C:\kors\scheduling\LocalSearch\code\src\scheduling.cpp(475): warning C4244: '=': conversion from 'double' to 'int', possible loss of data
C:\kors\scheduling\LocalSearch\code\src\scheduling.cpp(496): warning C4244: '=': conversion from 'double' to 'int', possible loss of data
C:\kors\scheduling\LocalSearch\code\src\scheduling.cpp(506): warning C4018: '>=': signed/unsigned mismatch
C:\kors\scheduling\LocalSearch\code\src\scheduling.cpp(514): warning C4018: '<': signed/unsigned mismatch
C:\kors\scheduling\LocalSearch\code\src\scheduling.cpp(520): warning C4244: '=': conversion from 'double' to 'int', possible loss of data
C:\kors\scheduling\LocalSearch\code\src\scheduling.cpp(542): warning C4018: '>=': signed/unsigned mismatch
C:\kors\scheduling\LocalSearch\code\src\scheduling.cpp(564): warning C4018: '<': signed/unsigned mismatch
  Generating Code...
  Ek_LocalSearch.vcxproj -> C:\kors\scheduling\LocalSearch\build\bin\Release\Ek_LocalSearch.exe
